<?xml version="1.0" encoding="UTF-8"?>
<testng-results ignored="0" total="1" passed="1" failed="0" skipped="0">
  <reporter-output>
  </reporter-output>
  <suite started-at="2023-09-26T13:11:13Z" name="Default suite" finished-at="2023-09-26T13:11:28Z" duration-ms="14777">
    <groups>
      <group name="cucumber">
        <method signature="AbstractTestNGCucumberTests.runScenario(cucumber.api.testng.PickleEventWrapper, cucumber.api.testng.CucumberFeatureWrapper)[pri:0, instance:runnerpack.RunnerAmz@58ce9668]" name="runScenario" class="cucumber.api.testng.AbstractTestNGCucumberTests"/>
      </group> <!-- cucumber -->
    </groups>
    <test started-at="2023-09-26T13:11:13Z" name="Default test" finished-at="2023-09-26T13:11:28Z" duration-ms="14777">
      <class name="runnerpack.RunnerAmz">
        <test-method is-config="true" signature="setUpClass()[pri:0, instance:runnerpack.RunnerAmz@58ce9668]" started-at="2023-09-26T13:11:13Z" name="setUpClass" finished-at="2023-09-26T13:11:13Z" duration-ms="158" status="PASS">
          <reporter-output>
          </reporter-output>
        </test-method> <!-- setUpClass -->
        <test-method signature="runScenario(cucumber.api.testng.PickleEventWrapper, cucumber.api.testng.CucumberFeatureWrapper)[pri:0, instance:runnerpack.RunnerAmz@58ce9668]" started-at="2023-09-26T13:11:13Z" name="runScenario" description="Runs Cucumber Scenarios" data-provider="scenarios" finished-at="2023-09-26T13:11:28Z" duration-ms="14534" status="PASS">
          <params>
            <param index="0">
              <value>
                <![CDATA["Add a product to the cart"]]>
              </value>
            </param>
            <param index="1">
              <value>
                <![CDATA["Odyssey Application Demo"]]>
              </value>
            </param>
          </params>
          <reporter-output>
          </reporter-output>
        </test-method> <!-- runScenario -->
        <test-method is-config="true" signature="tearDownClass()[pri:0, instance:runnerpack.RunnerAmz@58ce9668]" started-at="2023-09-26T13:11:28Z" name="tearDownClass" finished-at="2023-09-26T13:11:28Z" duration-ms="9" status="PASS">
          <reporter-output>
          </reporter-output>
        </test-method> <!-- tearDownClass -->
      </class> <!-- runnerpack.RunnerAmz -->
    </test> <!-- Default test -->
  </suite> <!-- Default suite -->
</testng-results>
